# Logfile created on 2021-03-25 13:22:59 +0100 by logger.rb/v1.4.2
D, [2021-03-25T13:22:59.193120 #11499] DEBUG -- : Software started
F, [2021-03-25T13:22:59.193184 #11499] FATAL -- : File not found !
D, [2021-03-25T13:28:17.717849 #11898] DEBUG -- : Software started
F, [2021-03-25T13:28:17.717952 #11898] FATAL -- : File not found !
D, [2021-03-25T13:28:23.872559 #11916] DEBUG -- : Software started
D, [2021-03-25T13:28:23.872636 #11916] DEBUG -- : File imported
D, [2021-03-25T15:04:57.532683 #20508] DEBUG -- : Software started
D, [2021-03-25T15:04:57.532782 #20508] DEBUG -- : File imported
D, [2021-03-25T15:05:33.939499 #20619] DEBUG -- : Software started
D, [2021-03-25T15:05:33.939574 #20619] DEBUG -- : File imported
D, [2021-03-25T15:06:15.321032 #20753] DEBUG -- : Software started
D, [2021-03-25T15:06:15.321186 #20753] DEBUG -- : File imported
D, [2021-03-25T15:17:57.688671 #21903] DEBUG -- : Software started
D, [2021-03-25T15:17:57.688752 #21903] DEBUG -- : File imported
D, [2021-03-25T15:18:13.125368 #21944] DEBUG -- : Software started
D, [2021-03-25T15:18:13.125462 #21944] DEBUG -- : File imported
D, [2021-03-25T15:25:04.123362 #24109] DEBUG -- : Software started
D, [2021-03-25T15:25:04.123433 #24109] DEBUG -- : File imported
D, [2021-03-25T15:25:19.973118 #24153] DEBUG -- : Software started
D, [2021-03-25T15:25:19.973191 #24153] DEBUG -- : File imported
D, [2021-03-25T15:27:03.602087 #24257] DEBUG -- : Software started
F, [2021-03-25T15:27:03.602175 #24257] FATAL -- : File not found !
D, [2021-03-25T15:34:32.141225 #24885] DEBUG -- : Software started
F, [2021-03-25T15:34:32.141316 #24885] FATAL -- : File not found !
D, [2021-03-25T15:35:18.483740 #24970] DEBUG -- : Software started
F, [2021-03-25T15:35:18.483852 #24970] FATAL -- : File not found !
D, [2021-03-25T15:35:38.740859 #25012] DEBUG -- : Software started
F, [2021-03-25T15:35:38.740958 #25012] FATAL -- : File not found !
D, [2021-03-25T15:35:46.757293 #25050] DEBUG -- : Software started
F, [2021-03-25T15:35:46.757439 #25050] FATAL -- : File not found !
D, [2021-03-25T15:35:59.132177 #25084] DEBUG -- : Software started
D, [2021-03-25T15:35:59.132260 #25084] DEBUG -- : File imported
D, [2021-03-25T15:36:57.953541 #25146] DEBUG -- : Software started
D, [2021-03-25T15:36:57.953644 #25146] DEBUG -- : File imported
D, [2021-03-25T15:39:54.871749 #25294] DEBUG -- : Software started
D, [2021-03-25T15:39:54.871847 #25294] DEBUG -- : File imported
D, [2021-03-25T15:40:25.288157 #25345] DEBUG -- : Software started
D, [2021-03-25T15:40:25.288239 #25345] DEBUG -- : File imported
D, [2021-03-25T15:41:27.725703 #25393] DEBUG -- : Software started
D, [2021-03-25T15:41:27.725905 #25393] DEBUG -- : File imported
D, [2021-03-25T15:42:18.088258 #25492] DEBUG -- : Software started
D, [2021-03-25T15:42:18.088349 #25492] DEBUG -- : File imported
D, [2021-03-25T15:43:11.244937 #25551] DEBUG -- : Software started
D, [2021-03-25T15:43:11.245048 #25551] DEBUG -- : File imported
D, [2021-03-25T15:43:21.024614 #25597] DEBUG -- : Software started
D, [2021-03-25T15:43:21.024770 #25597] DEBUG -- : File imported
D, [2021-03-25T15:45:41.162208 #25726] DEBUG -- : Software started
D, [2021-03-25T15:45:41.162303 #25726] DEBUG -- : File imported
D, [2021-03-25T15:46:04.447993 #25785] DEBUG -- : Software started
D, [2021-03-25T15:46:04.448088 #25785] DEBUG -- : File imported
D, [2021-03-25T15:46:09.336475 #25805] DEBUG -- : Software started
D, [2021-03-25T15:46:09.336612 #25805] DEBUG -- : File imported
D, [2021-03-25T15:47:31.774655 #25912] DEBUG -- : Software started
D, [2021-03-25T15:47:31.774758 #25912] DEBUG -- : File imported
D, [2021-03-25T15:48:26.095398 #25995] DEBUG -- : Software started
D, [2021-03-25T15:48:26.095490 #25995] DEBUG -- : File imported
D, [2021-03-25T15:49:19.004814 #26049] DEBUG -- : Software started
D, [2021-03-25T15:49:19.004919 #26049] DEBUG -- : File imported
D, [2021-03-25T15:49:31.770472 #26091] DEBUG -- : Software started
D, [2021-03-25T15:49:31.770566 #26091] DEBUG -- : File imported
D, [2021-03-25T15:50:46.496646 #26170] DEBUG -- : Software started
D, [2021-03-25T15:50:46.496767 #26170] DEBUG -- : File imported
D, [2021-03-25T15:50:54.352032 #26188] DEBUG -- : Software started
D, [2021-03-25T15:50:54.352147 #26188] DEBUG -- : File imported
D, [2021-03-25T15:52:04.567815 #26320] DEBUG -- : Software started
D, [2021-03-25T15:52:04.567893 #26320] DEBUG -- : File imported
D, [2021-03-25T15:52:19.660738 #26358] DEBUG -- : Software started
D, [2021-03-25T15:52:19.660813 #26358] DEBUG -- : File imported
D, [2021-03-25T15:53:01.148256 #26457] DEBUG -- : Software started
D, [2021-03-25T15:53:01.148346 #26457] DEBUG -- : File imported
D, [2021-03-25T15:53:01.150402 #26457] DEBUG -- : Software started
D, [2021-03-25T15:53:01.150493 #26457] DEBUG -- : File imported
D, [2021-03-25T15:53:28.225739 #26499] DEBUG -- : Software started
D, [2021-03-25T15:53:28.225831 #26499] DEBUG -- : File imported
D, [2021-03-25T15:53:28.227168 #26499] DEBUG -- : Software started
D, [2021-03-25T15:53:28.227226 #26499] DEBUG -- : File imported
D, [2021-03-25T15:54:06.923666 #26533] DEBUG -- : Software started
D, [2021-03-25T15:54:06.923787 #26533] DEBUG -- : File imported
D, [2021-03-25T15:54:06.925887 #26533] DEBUG -- : Software started
D, [2021-03-25T15:54:06.926004 #26533] DEBUG -- : File imported
D, [2021-03-25T15:54:32.237697 #26628] DEBUG -- : Software started
D, [2021-03-25T15:54:32.237796 #26628] DEBUG -- : File imported
D, [2021-03-25T15:54:32.239220 #26628] DEBUG -- : Software started
D, [2021-03-25T15:54:32.239288 #26628] DEBUG -- : File imported
D, [2021-03-25T15:54:38.819436 #26647] DEBUG -- : Software started
D, [2021-03-25T15:54:38.819517 #26647] DEBUG -- : File imported
D, [2021-03-25T15:54:38.821725 #26647] DEBUG -- : Software started
D, [2021-03-25T15:54:38.821825 #26647] DEBUG -- : File imported
D, [2021-03-25T15:54:49.502304 #26701] DEBUG -- : Software started
D, [2021-03-25T15:54:49.502410 #26701] DEBUG -- : File imported
D, [2021-03-25T15:54:49.504687 #26701] DEBUG -- : Software started
D, [2021-03-25T15:54:49.504759 #26701] DEBUG -- : File imported
D, [2021-03-25T15:56:38.454630 #26885] DEBUG -- : Software started
D, [2021-03-25T15:56:38.454721 #26885] DEBUG -- : File imported
D, [2021-03-25T15:58:14.324213 #26981] DEBUG -- : Software started
D, [2021-03-25T15:58:14.324292 #26981] DEBUG -- : File imported
D, [2021-03-25T15:58:44.521844 #27062] DEBUG -- : Software started
D, [2021-03-25T15:58:44.521922 #27062] DEBUG -- : File imported
D, [2021-03-25T16:00:11.080851 #27220] DEBUG -- : Software started
D, [2021-03-25T16:00:11.080941 #27220] DEBUG -- : File imported
D, [2021-03-25T16:00:37.716682 #27268] DEBUG -- : Software started
D, [2021-03-25T16:00:37.716771 #27268] DEBUG -- : File imported
D, [2021-03-25T16:01:40.058004 #27332] DEBUG -- : Software started
D, [2021-03-25T16:01:40.058095 #27332] DEBUG -- : File imported
D, [2021-03-25T16:01:57.008842 #27370] DEBUG -- : Software started
D, [2021-03-25T16:01:57.008944 #27370] DEBUG -- : File imported
D, [2021-03-25T16:02:40.200271 #27458] DEBUG -- : Software started
D, [2021-03-25T16:02:40.200351 #27458] DEBUG -- : File imported
D, [2021-03-26T08:39:39.185519 #9261] DEBUG -- : Software started
D, [2021-03-26T08:39:39.185610 #9261] DEBUG -- : File imported
D, [2021-03-26T08:46:08.849110 #9760] DEBUG -- : Software started
D, [2021-03-26T08:46:08.849192 #9760] DEBUG -- : File imported
D, [2021-03-26T08:46:53.115189 #9851] DEBUG -- : Software started
D, [2021-03-26T08:46:53.115271 #9851] DEBUG -- : File imported
D, [2021-03-26T08:47:00.551035 #9870] DEBUG -- : Software started
F, [2021-03-26T08:47:00.551137 #9870] FATAL -- : File not found !
D, [2021-03-26T08:47:06.568404 #9887] DEBUG -- : Software started
D, [2021-03-26T08:47:06.568480 #9887] DEBUG -- : File imported
D, [2021-03-26T09:18:16.353495 #13147] DEBUG -- : Software started
D, [2021-03-26T09:18:16.353608 #13147] DEBUG -- : File imported
D, [2021-03-26T09:18:19.230293 #13161] DEBUG -- : Software started
D, [2021-03-26T09:18:19.230415 #13161] DEBUG -- : File imported
D, [2021-03-26T15:19:25.344843 #35434] DEBUG -- : Software started
D, [2021-03-26T15:19:25.344943 #35434] DEBUG -- : File imported
D, [2021-03-26T15:51:25.758289 #37134] DEBUG -- : Software started
D, [2021-03-26T15:51:25.758377 #37134] DEBUG -- : File imported
F, [2021-03-26T15:51:25.758775 #37134] FATAL -- : Lexical error : ; i < 50; i++)
    show(i)
end
D, [2021-03-26T15:52:19.582930 #37194] DEBUG -- : Software started
D, [2021-03-26T15:52:19.583022 #37194] DEBUG -- : File imported
F, [2021-03-26T15:52:19.583373 #37194] FATAL -- : Lexical error : , i < 50, i++)
    show(i)
end
D, [2021-03-26T15:53:14.282182 #37256] DEBUG -- : Software started
D, [2021-03-26T15:53:14.282272 #37256] DEBUG -- : File imported
F, [2021-03-26T15:53:14.282676 #37256] FATAL -- : Lexical error : ; i < 50; i++)
    show(i)
end
D, [2021-03-26T15:53:25.089721 #37274] DEBUG -- : Software started
D, [2021-03-26T15:53:25.089831 #37274] DEBUG -- : File imported
F, [2021-03-26T15:53:25.090259 #37274] FATAL -- : Lexical error : ; i < 50, i++)
    show(i)
end
D, [2021-03-26T15:53:33.796785 #37287] DEBUG -- : Software started
D, [2021-03-26T15:53:33.796885 #37287] DEBUG -- : File imported
D, [2021-03-26T16:41:26.267013 #40514] DEBUG -- : Software started
D, [2021-03-26T16:41:26.267272 #40514] DEBUG -- : File imported
D, [2021-03-26T16:42:44.759658 #40595] DEBUG -- : Software started
D, [2021-03-26T16:42:44.759869 #40595] DEBUG -- : File imported
D, [2021-03-26T16:43:50.103604 #40699] DEBUG -- : Software started
D, [2021-03-26T16:43:50.103772 #40699] DEBUG -- : File imported
D, [2021-03-26T16:46:09.548658 #40846] DEBUG -- : Software started
D, [2021-03-26T16:46:09.548897 #40846] DEBUG -- : File imported
D, [2021-03-26T16:46:40.433832 #40895] DEBUG -- : Software started
D, [2021-03-26T16:46:40.433996 #40895] DEBUG -- : File imported
D, [2021-03-26T16:46:55.116231 #40921] DEBUG -- : Software started
D, [2021-03-26T16:46:55.116431 #40921] DEBUG -- : File imported
D, [2021-03-26T16:49:17.483969 #41068] DEBUG -- : Software started
D, [2021-03-26T16:49:17.484153 #41068] DEBUG -- : File imported
D, [2021-03-26T16:49:32.427470 #41098] DEBUG -- : Software started
D, [2021-03-26T16:49:32.428223 #41098] DEBUG -- : File imported
D, [2021-03-26T16:50:58.127216 #41191] DEBUG -- : Software started
D, [2021-03-26T16:50:58.127334 #41191] DEBUG -- : File imported
D, [2021-03-26T16:51:18.348288 #41238] DEBUG -- : Software started
D, [2021-03-26T16:51:18.348391 #41238] DEBUG -- : File imported
D, [2021-03-26T16:51:39.865045 #41271] DEBUG -- : Software started
D, [2021-03-26T16:51:39.865194 #41271] DEBUG -- : File imported
D, [2021-03-26T16:52:26.529192 #41355] DEBUG -- : Software started
D, [2021-03-26T16:52:26.529509 #41355] DEBUG -- : File imported
D, [2021-03-26T16:52:42.833273 #41381] DEBUG -- : Software started
D, [2021-03-26T16:52:42.833536 #41381] DEBUG -- : File imported
D, [2021-03-26T16:53:07.175970 #41430] DEBUG -- : Software started
D, [2021-03-26T16:53:07.176665 #41430] DEBUG -- : File imported
D, [2021-03-26T16:53:35.091886 #41475] DEBUG -- : Software started
D, [2021-03-26T16:53:35.092479 #41475] DEBUG -- : File imported
D, [2021-03-26T16:53:43.821681 #41493] DEBUG -- : Software started
D, [2021-03-26T16:53:43.821883 #41493] DEBUG -- : File imported
D, [2021-03-26T16:54:38.868814 #41580] DEBUG -- : Software started
D, [2021-03-26T16:54:38.869010 #41580] DEBUG -- : File imported
D, [2021-03-26T16:54:51.338368 #41606] DEBUG -- : Software started
D, [2021-03-26T16:54:51.338573 #41606] DEBUG -- : File imported
D, [2021-03-26T16:54:59.250273 #41625] DEBUG -- : Software started
D, [2021-03-26T16:54:59.250440 #41625] DEBUG -- : File imported
